Arguments: 
  C:\Program Files\nodejs\node.exe C:\Users\Patricio\AppData\Roaming\npm\node_modules\yarn\bin\yarn.js init

PATH: 
  C:\Users\Patricio\bin;C:\Program Files\Git\mingw64\bin;C:\Program Files\Git\usr\local\bin;C:\Program Files\Git\usr\bin;C:\Program Files\Git\usr\bin;C:\Program Files\Git\mingw64\bin;C:\Program Files\Git\usr\bin;C:\Users\Patricio\bin;C:\ProgramData\Oracle\Java\javapath;C:\Windows\system32;C:\Windows;C:\Windows\System32\Wbem;C:\Windows\System32\WindowsPowerShell\v1.0;C:\Program Files (x86)\NVIDIA Corporation\PhysX\Common;C:\xampp\php;C:\ProgramData\ComposerSetup\bin;C:\WINDOWS\system32\config\systemprofile\.dnx\bin;C:\Program Files\Microsoft DNX\Dnvm;C:\Program Files\Microsoft SQL Server\120\Tools\Binn;C:\Program Files\Microsoft SQL Server\130\Tools\Binn;C:\Program Files (x86)\Microsoft Emulator Manager\1.0;C:\Program Files (x86)\Windows Kits\10\Windows Performance Toolkit;C:\WINDOWS\system32;C:\WINDOWS;C:\WINDOWS\System32\Wbem;C:\WINDOWS\System32\WindowsPowerShell\v1.0;C:\Program Files (x86)\QuickTime\QTSystem;C:\Program Files\PuTTY;C:\path;C:\Program Files\nodejs;D:\Ruby23\bin;C:\Users\Patricio\AppData\Local\Microsoft\WindowsApps;C:\Users\Patricio\AppData\Roaming\Composer\vendor\bin;C:\Program Files\Java\jdk1.8.0_121\bin;C:\MinGW\bin;C:\Users\Patricio\AppData\Local\atom\bin;C:\path;C:\Users\Patricio\AppData\Local\Microsoft\WindowsApps;C:\Users\Patricio\AppData\Roaming\npm;C:\Program Files\Git\usr\bin\vendor_perl;C:\Program Files\Git\usr\bin\core_perl

Yarn version: 
  1.3.2

Node version: 
  8.9.3

Platform: 
  win32 x64

npm manifest: 
  No manifest

yarn manifest: 
  No manifest

Lockfile: 
  No lockfile

Trace: 
  Error: Can't answer a question unless a user TTY
      at ConsoleReporter.question (C:\Users\Patricio\AppData\Roaming\npm\node_modules\yarn\lib\cli.js:87314:59)
      at Object.<anonymous> (C:\Users\Patricio\AppData\Roaming\npm\node_modules\yarn\lib\cli.js:81822:38)
      at Generator.next (<anonymous>)
      at step (C:\Users\Patricio\AppData\Roaming\npm\node_modules\yarn\lib\cli.js:92:30)
      at C:\Users\Patricio\AppData\Roaming\npm\node_modules\yarn\lib\cli.js:103:13
      at <anonymous>
